<?xml version="1.0" encoding="UTF-8"?>
<!-- Generated by org.testng.reporters.JUnitXMLReporter -->
<testsuite ignored="6" hostname="LTILBOM20100335" failures="0" tests="0" time="0.034" errors="0" timestamp="2022-06-06T16:02:17 IST">
  <testcase classname="com.frame.qa.sampleTestcases.StoreHomePageTest" name="launchCatagoryInNewTab" time="0.0">
    <ignored/>
  </testcase> <!-- launchCatagoryInNewTab -->
  <testcase classname="com.frame.qa.sampleTestcases.StoreHomePageTest" name="selectWomenCatagory" time="0.0">
    <ignored/>
  </testcase> <!-- selectWomenCatagory -->
  <testcase classname="com.frame.qa.sampleTestcases.StoreHomePageTest" name="SelectSubCatagory" time="0.0">
    <ignored/>
  </testcase> <!-- SelectSubCatagory -->
  <testcase classname="com.frame.qa.sampleTestcases.StoreHomePageTest" name="SelectEachCatagory" time="0.0">
    <ignored/>
  </testcase> <!-- SelectEachCatagory -->
  <testcase classname="com.frame.qa.sampleTestcases.StoreHomePageTest" name="productCheckout" time="0.0">
    <ignored/>
  </testcase> <!-- productCheckout -->
  <testcase classname="com.frame.qa.sampleTestcases.StoreHomePageTest" name="selectLanguange" time="0.0">
    <ignored/>
  </testcase> <!-- selectLanguange -->
</testsuite>
