<?xml version="1.0" encoding="UTF-8"?>
<!-- Generated by org.testng.reporters.JUnitXMLReporter -->
<testsuite ignored="6" hostname="LTILBOM20100335" failures="0" tests="1" name="Test" time="11.029" errors="0" timestamp="2022-05-04T12:20:51 IST">
  <testcase classname="com.frame.qa.sampleTestcases.SamplePageTest" name="getAndSwitchToNewTab" time="3.004"/>
  <testcase classname="com.frame.qa.sampleTestcases.SamplePageTest" name="getAndSwitchToNewWindow" time="0.0">
    <ignored/>
  </testcase> <!-- getAndSwitchToNewWindow -->
  <testcase classname="com.frame.qa.sampleTestcases.SamplePageTest" name="testDesiredCapabilities" time="0.0">
    <ignored/>
  </testcase> <!-- testDesiredCapabilities -->
  <testcase classname="com.frame.qa.sampleTestcases.SamplePageTest" name="highlightCartMessage" time="0.0">
    <ignored/>
  </testcase> <!-- highlightCartMessage -->
  <testcase classname="com.frame.qa.sampleTestcases.SamplePageTest" name="hoverAndClickOnSignInButton" time="0.0">
    <ignored/>
  </testcase> <!-- hoverAndClickOnSignInButton -->
  <testcase classname="com.frame.qa.sampleTestcases.SamplePageTest" name="openRecommendationsInNewTab" time="0.0">
    <ignored/>
  </testcase> <!-- openRecommendationsInNewTab -->
  <testcase classname="com.frame.qa.sampleTestcases.SamplePageTest" name="performActionsUsingExistingLocators" time="0.0">
    <ignored/>
  </testcase> <!-- performActionsUsingExistingLocators -->
</testsuite> <!-- Test -->
